[     175ms] [ERROR] Failed to load resource: net::ERR_CONNECTION_REFUSED @ http://localhost:5000/api/products/:0
[     176ms] [ERROR] Failed to load resource: net::ERR_CONNECTION_REFUSED @ http://localhost:5000/api/admin/orders:0
[     176ms] [ERROR] Failed to load resource: net::ERR_CONNECTION_REFUSED @ http://localhost:5000/api/admin/users/:0
[     190ms] [ERROR] Failed to load resource: net::ERR_CONNECTION_REFUSED @ http://localhost:5000/api/admin/auth:0
[     201ms] [WARNING] ./src/components/UpdateProductModal.js
  Line 139:6:  React Hook useEffect has missing dependencies: 'dimensionsInitialized' and 'selectedColors.length'. Either include them or remove the dependency array  react-hooks/exhaustive-deps @ http://localhost:3002/static/js/0.chunk.js:75694
[     201ms] [WARNING] ./src/components/CreateNewProductModal.js
  Line 29:3:  'Popover' is defined but never used          no-unused-vars
  Line 30:3:  'PopoverTrigger' is defined but never used   no-unused-vars
  Line 31:3:  'PopoverContent' is defined but never used   no-unused-vars
  Line 32:3:  'PopoverBody' is defined but never used      no-unused-vars
  Line 49:7:  'colors' is assigned a value but never used  no-unused-vars @ http://localhost:3002/static/js/0.chunk.js:75694
[   20172ms] [WARNING] ./src/components/UpdateProductModal.js
  Line 139:6:  React Hook useEffect has missing dependencies: 'dimensionsInitialized' and 'selectedColors.length'. Either include them or remove the dependency array  react-hooks/exhaustive-deps @ http://localhost:3002/static/js/0.chunk.js:75694
[   20172ms] [WARNING] ./src/components/CreateNewProductModal.js
  Line 29:3:  'Popover' is defined but never used          no-unused-vars
  Line 30:3:  'PopoverTrigger' is defined but never used   no-unused-vars
  Line 31:3:  'PopoverContent' is defined but never used   no-unused-vars
  Line 32:3:  'PopoverBody' is defined but never used      no-unused-vars
  Line 49:7:  'colors' is assigned a value but never used  no-unused-vars @ http://localhost:3002/static/js/0.chunk.js:75694
